<?xml version="1.0" encoding="UTF-8"?>
<testsuite xmlns:xsi="http://www.w3.org/2001/XMLSchema-instance" xsi:noNamespaceSchemaLocation="https://maven.apache.org/surefire/maven-surefire-plugin/xsd/surefire-test-report.xsd" name="com.example.AppTest" time="0.028" tests="10" errors="0" skipped="0" failures="0">
  <properties>
[...]
</properties>
  <testcase name="testSmallNumber" classname="com.example.AppTest" time="0.004"/>
  <testcase name="testGoodMethodFalse" classname="com.example.AppTest" time="0"/>
  <testcase name="testAverage" classname="com.example.AppTest" time="0"/>
  <testcase name="testGoodMethodTrue" classname="com.example.AppTest" time="0"/>
  <testcase name="testRootOfOne" classname="com.example.AppTest" time="0"/>
  <testcase name="testCalcPrecision" classname="com.example.AppTest" time="0"/>
  <testcase name="testCalcPositive" classname="com.example.AppTest" time="0.001"/>
  <testcase name="testImprove" classname="com.example.AppTest" time="0"/>
  <testcase name="testLargeNumber" classname="com.example.AppTest" time="0"/>
  <testcase name="testRootOfNine" classname="com.example.AppTest" time="0"/>
</testsuite>