<?xml version="1.0" encoding="UTF-8"?>
<testsuite xmlns:xsi="http://www.w3.org/2001/XMLSchema-instance" xsi:noNamespaceSchemaLocation="https://maven.apache.org/surefire/maven-surefire-plugin/xsd/surefire-test-report.xsd" version="3.0.2" name="com.mycompany.app.SqrtTest" time="0.035" tests="10" errors="0" skipped="0" failures="0">
  <properties>
[...]
</properties>
  <testcase name="testGoodTrue" classname="com.mycompany.app.SqrtTest" time="0.002"/>
  <testcase name="testIter" classname="com.mycompany.app.SqrtTest" time="0.0"/>
  <testcase name="testCalcPerfectSquare" classname="com.mycompany.app.SqrtTest" time="0.0"/>
  <testcase name="testCalcLargeNumber" classname="com.mycompany.app.SqrtTest" time="0.0"/>
  <testcase name="testAveragePositive" classname="com.mycompany.app.SqrtTest" time="0.0"/>
  <testcase name="testCalcOne" classname="com.mycompany.app.SqrtTest" time="0.0"/>
  <testcase name="testAverageNegative" classname="com.mycompany.app.SqrtTest" time="0.0"/>
  <testcase name="testImprove" classname="com.mycompany.app.SqrtTest" time="0.0"/>
  <testcase name="testCalcDecimal" classname="com.mycompany.app.SqrtTest" time="0.0"/>
  <testcase name="testGoodFalse" classname="com.mycompany.app.SqrtTest" time="0.0"/>
</testsuite>