<?xml version="1.0" encoding="UTF-8"?>
<testsuite xmlns:xsi="http://www.w3.org/2001/XMLSchema-instance" xsi:noNamespaceSchemaLocation="https://maven.apache.org/surefire/maven-surefire-plugin/xsd/surefire-test-report.xsd" version="3.0.1" name="com.mycompany.app.AppTest" time="0.117" tests="11" errors="0" skipped="0" failures="0">
  <properties>
[...]
</properties>
  <testcase name="testSqrt1" classname="com.mycompany.app.AppTest" time="0.038"/>
  <testcase name="testSqrt2" classname="com.mycompany.app.AppTest" time="0.003"/>
  <testcase name="testSqrt4" classname="com.mycompany.app.AppTest" time="0.002"/>
  <testcase name="testSqrt9" classname="com.mycompany.app.AppTest" time="0.001"/>
  <testcase name="testGood" classname="com.mycompany.app.AppTest" time="0.002"/>
  <testcase name="testAverage" classname="com.mycompany.app.AppTest" time="0.0"/>
  <testcase name="testSqrt0_01" classname="com.mycompany.app.AppTest" time="0.018"/>
  <testcase name="testSqrt0_25" classname="com.mycompany.app.AppTest" time="0.003"/>
  <testcase name="testImprove" classname="com.mycompany.app.AppTest" time="0.001"/>
  <testcase name="testSqrt100" classname="com.mycompany.app.AppTest" time="0.002"/>
  <testcase name="testLargeNumber" classname="com.mycompany.app.AppTest" time="0.0"/>
</testsuite>