<?xml version="1.0" encoding="UTF-8"?>
<testsuite xmlns:xsi="http://www.w3.org/2001/XMLSchema-instance" xsi:noNamespaceSchemaLocation="https://maven.apache.org/surefire/maven-surefire-plugin/xsd/surefire-test-report.xsd" version="3.0.1" name="com.mycompany.app.AppTest" time="0.066" tests="10" errors="0" skipped="0" failures="0">
  <properties>
[...]
</properties>
  <testcase name="testGoodTrue" classname="com.mycompany.app.AppTest" time="0.004"/>
  <testcase name="testCalc2" classname="com.mycompany.app.AppTest" time="0.0"/>
  <testcase name="testCalc4" classname="com.mycompany.app.AppTest" time="0.0"/>
  <testcase name="testCalc9" classname="com.mycompany.app.AppTest" time="0.0"/>
  <testcase name="testIter" classname="com.mycompany.app.AppTest" time="0.0"/>
  <testcase name="testAverage" classname="com.mycompany.app.AppTest" time="0.0"/>
  <testcase name="testPrecision" classname="com.mycompany.app.AppTest" time="0.0"/>
  <testcase name="testConsistency" classname="com.mycompany.app.AppTest" time="0.0"/>
  <testcase name="testImprove" classname="com.mycompany.app.AppTest" time="0.0"/>
  <testcase name="testGoodFalse" classname="com.mycompany.app.AppTest" time="0.0"/>
</testsuite>