<?xml version="1.0" encoding="UTF-8"?>
<testsuite xmlns:xsi="http://www.w3.org/2001/XMLSchema-instance" xsi:noNamespaceSchemaLocation="https://maven.apache.org/surefire/maven-surefire-plugin/xsd/surefire-test-report.xsd" version="3.0.1" name="com.mycompany.app.AppTest" time="0.081" tests="12" errors="0" skipped="0" failures="0">
  <properties>
[...]
</properties>
  <testcase name="testAverage" classname="com.mycompany.app.AppTest" time="0.033"/>
  <testcase name="testSqrtOfFour" classname="com.mycompany.app.AppTest" time="0.001"/>
  <testcase name="testSqrtOfNine" classname="com.mycompany.app.AppTest" time="0.002"/>
  <testcase name="testGoodBad" classname="com.mycompany.app.AppTest" time="0.002"/>
  <testcase name="testSqrtOfOne" classname="com.mycompany.app.AppTest" time="0.001"/>
  <testcase name="testSqrtOfTen" classname="com.mycompany.app.AppTest" time="0.001"/>
  <testcase name="testSqrtOfTwo" classname="com.mycompany.app.AppTest" time="0.0"/>
  <testcase name="testSqrtOfSixteen" classname="com.mycompany.app.AppTest" time="0.001"/>
  <testcase name="testSqrtOfLargeNumber" classname="com.mycompany.app.AppTest" time="0.0"/>
  <testcase name="testImprove" classname="com.mycompany.app.AppTest" time="0.001"/>
  <testcase name="testSqrtOfSmallNumber" classname="com.mycompany.app.AppTest" time="0.001"/>
  <testcase name="testGoodExact" classname="com.mycompany.app.AppTest" time="0.001"/>
</testsuite>