<?xml version="1.0" encoding="UTF-8"?>
<testsuite xmlns:xsi="http://www.w3.org/2001/XMLSchema-instance" xsi:noNamespaceSchemaLocation="https://maven.apache.org/surefire/maven-surefire-plugin/xsd/surefire-test-report.xsd" version="3.0.2" name="com.mycompany.app.SqrtTest" time="0.049" tests="11" errors="0" skipped="0" failures="0">
  <properties>
[...]
</properties>
  <testcase name="good_isFalseWhenGuessIsFarFromRoot" classname="com.mycompany.app.SqrtTest" time="0.005"/>
  <testcase name="improve_movesGuessTowardSquareRootOfX" classname="com.mycompany.app.SqrtTest" time="0.0"/>
  <testcase name="calc_computesSquareRootOfTwo" classname="com.mycompany.app.SqrtTest" time="0.0"/>
  <testcase name="good_boundaryNearDelta" classname="com.mycompany.app.SqrtTest" time="0.0"/>
  <testcase name="good_isTrueWhenGuessSquaredCloseToX" classname="com.mycompany.app.SqrtTest" time="0.0"/>
  <testcase name="average_returnsArithmeticMean" classname="com.mycompany.app.SqrtTest" time="0.0"/>
  <testcase name="iter_returnsGuessImmediatelyWhenGood" classname="com.mycompany.app.SqrtTest" time="0.0"/>
  <testcase name="average_handlesNegativeNumbers" classname="com.mycompany.app.SqrtTest" time="0.0"/>
  <testcase name="calc_computesSquareRootOfPerfectSquare" classname="com.mycompany.app.SqrtTest" time="0.0"/>
  <testcase name="iter_convergesThroughRecursiveCalls" classname="com.mycompany.app.SqrtTest" time="0.0"/>
  <testcase name="calc_usesConstructorArg" classname="com.mycompany.app.SqrtTest" time="0.0"/>
</testsuite>