<?xml version="1.0" encoding="UTF-8"?>
<testsuite xmlns:xsi="http://www.w3.org/2001/XMLSchema-instance" xsi:noNamespaceSchemaLocation="https://maven.apache.org/surefire/maven-surefire-plugin/xsd/surefire-test-report.xsd" name="com.mycompany.app.SqrtTest" time="0.026" tests="14" errors="0" skipped="0" failures="0">
  <properties>
[...]
</properties>
  <testcase name="testGoodTrue" classname="com.mycompany.app.SqrtTest" time="0.002"/>
  <testcase name="testIter" classname="com.mycompany.app.SqrtTest" time="0"/>
  <testcase name="testAverage" classname="com.mycompany.app.SqrtTest" time="0"/>
  <testcase name="testAverageEqualValues" classname="com.mycompany.app.SqrtTest" time="0"/>
  <testcase name="testSqrtOf025" classname="com.mycompany.app.SqrtTest" time="0"/>
  <testcase name="testSqrtOf25" classname="com.mycompany.app.SqrtTest" time="0"/>
  <testcase name="testSqrtOfLargeNumber" classname="com.mycompany.app.SqrtTest" time="0"/>
  <testcase name="testImprove" classname="com.mycompany.app.SqrtTest" time="0"/>
  <testcase name="testSqrtOf1" classname="com.mycompany.app.SqrtTest" time="0"/>
  <testcase name="testSqrtOf2" classname="com.mycompany.app.SqrtTest" time="0"/>
  <testcase name="testSqrtOf4" classname="com.mycompany.app.SqrtTest" time="0"/>
  <testcase name="testSqrtOf9" classname="com.mycompany.app.SqrtTest" time="0"/>
  <testcase name="testSqrtOfSmallNumber" classname="com.mycompany.app.SqrtTest" time="0"/>
  <testcase name="testGoodFalse" classname="com.mycompany.app.SqrtTest" time="0"/>
</testsuite>